<?xml version="1.0" encoding="UTF-8"?>
<!-- Generated by org.testng.reporters.JUnitXMLReporter -->
<testsuite ignored="0" hostname="IN-FVFHN0SZQ05D.local" failures="0" tests="6" name="Default test" time="0.028" errors="0" timestamp="2024-10-13T11:37:20 IST">
  <testcase classname="NAGP_DevTestOps.NAGP_DevTestOps.CalculatorTest" name="testAdd" time="0.005"/>
  <testcase classname="NAGP_DevTestOps.NAGP_DevTestOps.CalculatorTest" name="testDivide" time="0.001"/>
  <testcase classname="NAGP_DevTestOps.NAGP_DevTestOps.CalculatorTest" name="testDivideByZero" time="0.001"/>
  <testcase classname="NAGP_DevTestOps.NAGP_DevTestOps.CalculatorTest" name="testMultiply" time="0.001"/>
  <testcase classname="NAGP_DevTestOps.NAGP_DevTestOps.CalculatorTest" name="testSubtractNegativeResult" time="0.001"/>
  <testcase classname="NAGP_DevTestOps.NAGP_DevTestOps.CalculatorTest" name="testSubtractPositiveResult" time="0.0"/>
</testsuite> <!-- Default test -->
